f:\opengl\s3d---submarine\proiectsubmarin\proiectsubmarin\x64\debug\vc143.pdb
f:\opengl\s3d---submarine\proiectsubmarin\proiectsubmarin\x64\debug\vc143.idb
f:\opengl\s3d---submarine\proiectsubmarin\proiectsubmarin\x64\debug\proiectsubmarin.obj
f:\opengl\s3d---submarine\proiectsubmarin\proiectsubmarin\x64\debug\camera.obj
f:\opengl\s3d---submarine\proiectsubmarin\proiectsubmarin\x64\debug\proiectsubmarin.ilk
f:\opengl\s3d---submarine\proiectsubmarin\x64\debug\proiectsubmarin.pdb
f:\opengl\s3d---submarine\proiectsubmarin\proiectsubmarin\x64\debug\proiectsubmarin.tlog\cl.command.1.tlog
f:\opengl\s3d---submarine\proiectsubmarin\proiectsubmarin\x64\debug\proiectsubmarin.tlog\cl.items.tlog
f:\opengl\s3d---submarine\proiectsubmarin\proiectsubmarin\x64\debug\proiectsubmarin.tlog\cl.read.1.tlog
f:\opengl\s3d---submarine\proiectsubmarin\proiectsubmarin\x64\debug\proiectsubmarin.tlog\cl.write.1.tlog
f:\opengl\s3d---submarine\proiectsubmarin\proiectsubmarin\x64\debug\proiectsubmarin.tlog\link-cvtres.read.1.tlog
f:\opengl\s3d---submarine\proiectsubmarin\proiectsubmarin\x64\debug\proiectsubmarin.tlog\link-cvtres.write.1.tlog
f:\opengl\s3d---submarine\proiectsubmarin\proiectsubmarin\x64\debug\proiectsubmarin.tlog\link-rc.read.1.tlog
f:\opengl\s3d---submarine\proiectsubmarin\proiectsubmarin\x64\debug\proiectsubmarin.tlog\link-rc.write.1.tlog
f:\opengl\s3d---submarine\proiectsubmarin\proiectsubmarin\x64\debug\proiectsubmarin.tlog\link.14644.read.1.tlog
f:\opengl\s3d---submarine\proiectsubmarin\proiectsubmarin\x64\debug\proiectsubmarin.tlog\link.14644.read.2.tlog
f:\opengl\s3d---submarine\proiectsubmarin\proiectsubmarin\x64\debug\proiectsubmarin.tlog\link.14644.write.1.tlog
f:\opengl\s3d---submarine\proiectsubmarin\proiectsubmarin\x64\debug\proiectsubmarin.tlog\link.command.1.tlog
f:\opengl\s3d---submarine\proiectsubmarin\proiectsubmarin\x64\debug\proiectsubmarin.tlog\link.read.1.tlog
f:\opengl\s3d---submarine\proiectsubmarin\proiectsubmarin\x64\debug\proiectsubmarin.tlog\link.read.2.tlog
f:\opengl\s3d---submarine\proiectsubmarin\proiectsubmarin\x64\debug\proiectsubmarin.tlog\link.read.3.tlog
f:\opengl\s3d---submarine\proiectsubmarin\proiectsubmarin\x64\debug\proiectsubmarin.tlog\link.secondary.1.tlog
f:\opengl\s3d---submarine\proiectsubmarin\proiectsubmarin\x64\debug\proiectsubmarin.tlog\link.write.1.tlog
